Using pre-set license
Built from '2020.3/staging' branch; Version is '2020.3.11f1 (99c7afb366b3) revision 10078127'; Using compiler version '192528614'; Build Type 'Release'
OS: 'Windows 10 Home; OS build 19043.1766; Version 2009; 64bit' Language: 'ko' Physical Memory: 32604 MB
BatchMode: 1, IsHumanControllingUs: 0, StartBugReporterOnCrash: 0, Is64bit: 1, IsPro: 0

 COMMAND LINE ARGUMENTS:
C:\Program Files\Unity\Hub\Editor\2020.3.11f1\Editor\Unity.exe
-adb2
-batchMode
-noUpm
-name
AssetImportWorker0
-projectPath
D:/GitRepo/MyPuzzle/MyPuzzle
-logFile
Logs/AssetImportWorker0.log
-srvPort
49305
Successfully changed project path to: D:/GitRepo/MyPuzzle/MyPuzzle
D:/GitRepo/MyPuzzle/MyPuzzle
Using Asset Import Pipeline V2.
Refreshing native plugins compatible for Editor in 18.51 ms, found 2 plugins.
Preloading 0 native plugins for Editor in 0.00 ms.
Initialize engine version: 2020.3.11f1 (99c7afb366b3)
[Subsystems] Discovering subsystems at path C:/Program Files/Unity/Hub/Editor/2020.3.11f1/Editor/Data/Resources/UnitySubsystems
[Subsystems] Discovering subsystems at path D:/GitRepo/MyPuzzle/MyPuzzle/Assets
GfxDevice: creating device client; threaded=0
Direct3D:
    Version:  Direct3D 11.0 [level 11.1]
    Renderer: NVIDIA GeForce RTX 3060 (ID=0x2487)
    Vendor:   
    VRAM:     12137 MB
    Driver:   30.0.15.1123
Initialize mono
Mono path[0] = 'C:/Program Files/Unity/Hub/Editor/2020.3.11f1/Editor/Data/Managed'
Mono path[1] = 'C:/Program Files/Unity/Hub/Editor/2020.3.11f1/Editor/Data/MonoBleedingEdge/lib/mono/unityjit'
Mono config path = 'C:/Program Files/Unity/Hub/Editor/2020.3.11f1/Editor/Data/MonoBleedingEdge/etc'
Using monoOptions --debugger-agent=transport=dt_socket,embedding=1,server=y,suspend=n,address=127.0.0.1:56828
Begin MonoManager ReloadAssembly
Registering precompiled unity dll's ...
Register platform support module: C:/Program Files/Unity/Hub/Editor/2020.3.11f1/Editor/Data/PlaybackEngines/WindowsStandaloneSupport/UnityEditor.WindowsStandalone.Extensions.dll
Registered in 0.001123 seconds.
Native extension for WindowsStandalone target not found
Refreshing native plugins compatible for Editor in 18.96 ms, found 2 plugins.
Preloading 0 native plugins for Editor in 0.00 ms.
Mono: successfully reloaded assembly
- Completed reload, in  0.594 seconds
Platform modules already initialized, skipping
Registering precompiled user dll's ...
Registered in 0.002080 seconds.
Begin MonoManager ReloadAssembly
Native extension for WindowsStandalone target not found
Refreshing native plugins compatible for Editor in 0.23 ms, found 2 plugins.
Preloading 0 native plugins for Editor in 0.00 ms.
Mono: successfully reloaded assembly
- Completed reload, in  0.625 seconds
Platform modules already initialized, skipping
========================================================================
Worker process is ready to serve import requests
Launched and connected shader compiler UnityShaderCompiler.exe after 0.03 seconds
Refreshing native plugins compatible for Editor in 0.21 ms, found 2 plugins.
Preloading 0 native plugins for Editor in 0.00 ms.
Unloading 1389 Unused Serialized files (Serialized files now loaded: 0)
System memory in use before: 64.8 MB.
System memory in use after: 64.8 MB.

Unloading 19 unused Assets to reduce memory usage. Loaded Objects now: 1823.
Total: 1.545500 ms (FindLiveObjects: 0.085300 ms CreateObjectMapping: 0.021600 ms MarkObjects: 1.383100 ms  DeleteObjects: 0.054800 ms)

========================================================================
Received Import Request.
  path: Assets/Scenes/StageScene.unity
  artifactKey: Guid(4ef26240c7173254a88f29c8db3f9783) Importer(815301076,1909f56bfc062723c751e8b465ee728b)
Start importing Assets/Scenes/StageScene.unity using Guid(4ef26240c7173254a88f29c8db3f9783) Importer(815301076,1909f56bfc062723c751e8b465ee728b)  -> (artifact id: '58d70bb93577aa788adc2fa14f956f4f') in 0.014517 seconds
  Import took 0.016086 seconds .

========================================================================
Received Prepare
Refreshing native plugins compatible for Editor in 1.18 ms, found 2 plugins.
Preloading 0 native plugins for Editor in 0.00 ms.
Unloading 12 Unused Serialized files (Serialized files now loaded: 0)
System memory in use before: 37.4 MB.
System memory in use after: 37.4 MB.

Unloading 12 unused Assets to reduce memory usage. Loaded Objects now: 1823.
Total: 1.474500 ms (FindLiveObjects: 0.083600 ms CreateObjectMapping: 0.025000 ms MarkObjects: 1.272400 ms  DeleteObjects: 0.092800 ms)

========================================================================
Received Prepare
Registering precompiled user dll's ...
Registered in 0.001683 seconds.
Begin MonoManager ReloadAssembly
Native extension for WindowsStandalone target not found
Refreshing native plugins compatible for Editor in 0.23 ms, found 2 plugins.
Preloading 0 native plugins for Editor in 0.00 ms.
Mono: successfully reloaded assembly
- Completed reload, in  0.595 seconds
Platform modules already initialized, skipping
Refreshing native plugins compatible for Editor in 0.23 ms, found 2 plugins.
Preloading 0 native plugins for Editor in 0.00 ms.
Unloading 1384 Unused Serialized files (Serialized files now loaded: 0)
System memory in use before: 64.7 MB.
System memory in use after: 64.8 MB.

Unloading 14 unused Assets to reduce memory usage. Loaded Objects now: 1826.
Total: 1.395900 ms (FindLiveObjects: 0.094300 ms CreateObjectMapping: 0.022100 ms MarkObjects: 1.240500 ms  DeleteObjects: 0.038300 ms)

========================================================================
Received Prepare
Registering precompiled user dll's ...
Registered in 0.001864 seconds.
Begin MonoManager ReloadAssembly
Native extension for WindowsStandalone target not found
Refreshing native plugins compatible for Editor in 0.22 ms, found 2 plugins.
Preloading 0 native plugins for Editor in 0.00 ms.
Mono: successfully reloaded assembly
- Completed reload, in  0.585 seconds
Platform modules already initialized, skipping
Refreshing native plugins compatible for Editor in 0.21 ms, found 2 plugins.
Preloading 0 native plugins for Editor in 0.00 ms.
Unloading 1384 Unused Serialized files (Serialized files now loaded: 0)
System memory in use before: 64.7 MB.
System memory in use after: 64.8 MB.

Unloading 14 unused Assets to reduce memory usage. Loaded Objects now: 1829.
Total: 1.243600 ms (FindLiveObjects: 0.077300 ms CreateObjectMapping: 0.020300 ms MarkObjects: 1.059800 ms  DeleteObjects: 0.085200 ms)

========================================================================
Received Prepare
Registering precompiled user dll's ...
Registered in 0.001737 seconds.
Begin MonoManager ReloadAssembly
Native extension for WindowsStandalone target not found
Refreshing native plugins compatible for Editor in 0.23 ms, found 2 plugins.
Preloading 0 native plugins for Editor in 0.00 ms.
Mono: successfully reloaded assembly
- Completed reload, in  0.578 seconds
Platform modules already initialized, skipping
Refreshing native plugins compatible for Editor in 0.23 ms, found 2 plugins.
Preloading 0 native plugins for Editor in 0.00 ms.
Unloading 1384 Unused Serialized files (Serialized files now loaded: 0)
System memory in use before: 64.7 MB.
System memory in use after: 64.8 MB.

Unloading 14 unused Assets to reduce memory usage. Loaded Objects now: 1832.
Total: 1.176900 ms (FindLiveObjects: 0.082100 ms CreateObjectMapping: 0.020400 ms MarkObjects: 1.039300 ms  DeleteObjects: 0.034400 ms)

========================================================================
Received Prepare
Registering precompiled user dll's ...
Registered in 0.001740 seconds.
Begin MonoManager ReloadAssembly
Native extension for WindowsStandalone target not found
Refreshing native plugins compatible for Editor in 0.23 ms, found 2 plugins.
Preloading 0 native plugins for Editor in 0.00 ms.
Mono: successfully reloaded assembly
- Completed reload, in  0.572 seconds
Platform modules already initialized, skipping
Refreshing native plugins compatible for Editor in 0.22 ms, found 2 plugins.
Preloading 0 native plugins for Editor in 0.00 ms.
Unloading 1384 Unused Serialized files (Serialized files now loaded: 0)
System memory in use before: 64.8 MB.
System memory in use after: 64.8 MB.

Unloading 14 unused Assets to reduce memory usage. Loaded Objects now: 1835.
Total: 1.222000 ms (FindLiveObjects: 0.082000 ms CreateObjectMapping: 0.020300 ms MarkObjects: 1.082100 ms  DeleteObjects: 0.036700 ms)

========================================================================
Received Prepare
Registering precompiled user dll's ...
Registered in 0.001720 seconds.
Begin MonoManager ReloadAssembly
Native extension for WindowsStandalone target not found
Refreshing native plugins compatible for Editor in 0.23 ms, found 2 plugins.
Preloading 0 native plugins for Editor in 0.00 ms.
Mono: successfully reloaded assembly
- Completed reload, in  0.579 seconds
Platform modules already initialized, skipping
Refreshing native plugins compatible for Editor in 0.22 ms, found 2 plugins.
Preloading 0 native plugins for Editor in 0.00 ms.
Unloading 1384 Unused Serialized files (Serialized files now loaded: 0)
System memory in use before: 64.8 MB.
System memory in use after: 64.8 MB.

Unloading 14 unused Assets to reduce memory usage. Loaded Objects now: 1838.
Total: 1.312300 ms (FindLiveObjects: 0.097600 ms CreateObjectMapping: 0.024900 ms MarkObjects: 1.143500 ms  DeleteObjects: 0.045300 ms)

========================================================================
Received Import Request.
  Time since last request: 580.976662 seconds.
  path: Assets/Scenes/GameScene.unity
  artifactKey: Guid(fc320d78b1f13d04383c7346c6af2a3f) Importer(815301076,1909f56bfc062723c751e8b465ee728b)
Start importing Assets/Scenes/GameScene.unity using Guid(fc320d78b1f13d04383c7346c6af2a3f) Importer(815301076,1909f56bfc062723c751e8b465ee728b)  -> (artifact id: 'f18f2b6a49537b27071d7365637cee4a') in 0.015681 seconds
  Import took 0.017364 seconds .

========================================================================
Received Prepare
Registering precompiled user dll's ...
Registered in 0.001745 seconds.
Begin MonoManager ReloadAssembly
Native extension for WindowsStandalone target not found
Refreshing native plugins compatible for Editor in 0.23 ms, found 2 plugins.
Preloading 0 native plugins for Editor in 0.00 ms.
Mono: successfully reloaded assembly
- Completed reload, in  0.580 seconds
Platform modules already initialized, skipping
Refreshing native plugins compatible for Editor in 0.23 ms, found 2 plugins.
Preloading 0 native plugins for Editor in 0.00 ms.
Unloading 1384 Unused Serialized files (Serialized files now loaded: 0)
System memory in use before: 64.8 MB.
System memory in use after: 64.9 MB.

Unloading 14 unused Assets to reduce memory usage. Loaded Objects now: 1841.
Total: 1.219500 ms (FindLiveObjects: 0.078000 ms CreateObjectMapping: 0.020600 ms MarkObjects: 1.086500 ms  DeleteObjects: 0.033600 ms)

========================================================================
Received Prepare
Registering precompiled user dll's ...
Registered in 0.001742 seconds.
Begin MonoManager ReloadAssembly
Native extension for WindowsStandalone target not found
Refreshing native plugins compatible for Editor in 0.24 ms, found 2 plugins.
Preloading 0 native plugins for Editor in 0.00 ms.
Mono: successfully reloaded assembly
- Completed reload, in  0.574 seconds
Platform modules already initialized, skipping
Refreshing native plugins compatible for Editor in 0.23 ms, found 2 plugins.
Preloading 0 native plugins for Editor in 0.00 ms.
Unloading 1384 Unused Serialized files (Serialized files now loaded: 0)
System memory in use before: 64.8 MB.
System memory in use after: 64.9 MB.

Unloading 14 unused Assets to reduce memory usage. Loaded Objects now: 1844.
Total: 1.187900 ms (FindLiveObjects: 0.079100 ms CreateObjectMapping: 0.021900 ms MarkObjects: 1.052800 ms  DeleteObjects: 0.033100 ms)

========================================================================
Received Prepare
Registering precompiled user dll's ...
Registered in 0.001834 seconds.
Begin MonoManager ReloadAssembly
Native extension for WindowsStandalone target not found
Refreshing native plugins compatible for Editor in 0.22 ms, found 2 plugins.
Preloading 0 native plugins for Editor in 0.00 ms.
Mono: successfully reloaded assembly
- Completed reload, in  0.587 seconds
Platform modules already initialized, skipping
Refreshing native plugins compatible for Editor in 0.22 ms, found 2 plugins.
Preloading 0 native plugins for Editor in 0.00 ms.
Unloading 1384 Unused Serialized files (Serialized files now loaded: 0)
System memory in use before: 64.8 MB.
System memory in use after: 64.9 MB.

Unloading 14 unused Assets to reduce memory usage. Loaded Objects now: 1847.
Total: 1.215900 ms (FindLiveObjects: 0.082800 ms CreateObjectMapping: 0.020700 ms MarkObjects: 1.073000 ms  DeleteObjects: 0.038600 ms)

========================================================================
Received Import Request.
  Time since last request: 1155.917787 seconds.
  path: Assets/Scenes/GameScene.unity
  artifactKey: Guid(fc320d78b1f13d04383c7346c6af2a3f) Importer(815301076,1909f56bfc062723c751e8b465ee728b)
Start importing Assets/Scenes/GameScene.unity using Guid(fc320d78b1f13d04383c7346c6af2a3f) Importer(815301076,1909f56bfc062723c751e8b465ee728b)  -> (artifact id: '7fcf05d51dcaabb643d04a928815ebe9') in 0.013322 seconds
  Import took 0.014948 seconds .

========================================================================
Received Prepare
Registering precompiled user dll's ...
Registered in 0.001749 seconds.
Begin MonoManager ReloadAssembly
Native extension for WindowsStandalone target not found
Refreshing native plugins compatible for Editor in 0.22 ms, found 2 plugins.
Preloading 0 native plugins for Editor in 0.00 ms.
Mono: successfully reloaded assembly
- Completed reload, in  0.581 seconds
Platform modules already initialized, skipping
Refreshing native plugins compatible for Editor in 0.22 ms, found 2 plugins.
Preloading 0 native plugins for Editor in 0.00 ms.
Unloading 1385 Unused Serialized files (Serialized files now loaded: 0)
System memory in use before: 64.8 MB.
System memory in use after: 64.9 MB.

Unloading 14 unused Assets to reduce memory usage. Loaded Objects now: 1851.
Total: 1.269500 ms (FindLiveObjects: 0.088600 ms CreateObjectMapping: 0.020900 ms MarkObjects: 1.119500 ms  DeleteObjects: 0.039800 ms)

========================================================================
Received Import Request.
  Time since last request: 48.633205 seconds.
  path: Assets/Scripts/Scene.cs
  artifactKey: Guid(3f4238a51345aff488cd2d42d2a9b529) Importer(815301076,1909f56bfc062723c751e8b465ee728b)
Start importing Assets/Scripts/Scene.cs using Guid(3f4238a51345aff488cd2d42d2a9b529) Importer(815301076,1909f56bfc062723c751e8b465ee728b)  -> (artifact id: '305858c8955cf659d611f046503faaef') in 0.018848 seconds
  Import took 0.020411 seconds .

========================================================================
Received Import Request.
  Time since last request: 235.835512 seconds.
  path: Assets/Scripts/BtnStage.cs
  artifactKey: Guid(3f4238a51345aff488cd2d42d2a9b529) Importer(815301076,1909f56bfc062723c751e8b465ee728b)
Start importing Assets/Scripts/BtnStage.cs using Guid(3f4238a51345aff488cd2d42d2a9b529) Importer(815301076,1909f56bfc062723c751e8b465ee728b)  -> (artifact id: '096ac8c52e34c03f7bc2fd04b2713452') in 0.006648 seconds
  Import took 0.008692 seconds .

========================================================================
Received Prepare
Registering precompiled user dll's ...
Registered in 0.001737 seconds.
Begin MonoManager ReloadAssembly
Native extension for WindowsStandalone target not found
Refreshing native plugins compatible for Editor in 0.23 ms, found 2 plugins.
Preloading 0 native plugins for Editor in 0.00 ms.
Mono: successfully reloaded assembly
- Completed reload, in  0.591 seconds
Platform modules already initialized, skipping
Refreshing native plugins compatible for Editor in 0.22 ms, found 2 plugins.
Preloading 0 native plugins for Editor in 0.00 ms.
Unloading 1385 Unused Serialized files (Serialized files now loaded: 0)
System memory in use before: 64.8 MB.
System memory in use after: 64.9 MB.

Unloading 14 unused Assets to reduce memory usage. Loaded Objects now: 1854.
Total: 1.258900 ms (FindLiveObjects: 0.093400 ms CreateObjectMapping: 0.026200 ms MarkObjects: 1.092100 ms  DeleteObjects: 0.046100 ms)

========================================================================
Received Import Request.
  Time since last request: 1457.262043 seconds.
  path: Assets/Scripts/BtnStartGame.cs
  artifactKey: Guid(c9574f9b654189941af25022974c4e9a) Importer(815301076,1909f56bfc062723c751e8b465ee728b)
Start importing Assets/Scripts/BtnStartGame.cs using Guid(c9574f9b654189941af25022974c4e9a) Importer(815301076,1909f56bfc062723c751e8b465ee728b)  -> (artifact id: '0afef508418abd86802b377c35cf2630') in 0.012114 seconds
  Import took 0.014620 seconds .

========================================================================
Received Import Request.
  Time since last request: 1.295663 seconds.
  path: Assets/Scripts/BtnBackGame.cs
  artifactKey: Guid(d56e66871dcbf9d47a587cb9eb7a4538) Importer(815301076,1909f56bfc062723c751e8b465ee728b)
Start importing Assets/Scripts/BtnBackGame.cs using Guid(d56e66871dcbf9d47a587cb9eb7a4538) Importer(815301076,1909f56bfc062723c751e8b465ee728b)  -> (artifact id: '71d904025b72fc8ab61f715e886a44d1') in 0.005770 seconds
  Import took 0.007916 seconds .

========================================================================
Received Prepare
Registering precompiled user dll's ...
Registered in 0.001758 seconds.
Begin MonoManager ReloadAssembly
Native extension for WindowsStandalone target not found
Refreshing native plugins compatible for Editor in 0.23 ms, found 2 plugins.
Preloading 0 native plugins for Editor in 0.00 ms.
Mono: successfully reloaded assembly
- Completed reload, in  0.583 seconds
Platform modules already initialized, skipping
Refreshing native plugins compatible for Editor in 0.21 ms, found 2 plugins.
Preloading 0 native plugins for Editor in 0.00 ms.
Unloading 1385 Unused Serialized files (Serialized files now loaded: 0)
System memory in use before: 64.8 MB.
System memory in use after: 64.9 MB.

Unloading 14 unused Assets to reduce memory usage. Loaded Objects now: 1857.
Total: 1.238100 ms (FindLiveObjects: 0.087200 ms CreateObjectMapping: 0.021400 ms MarkObjects: 1.086600 ms  DeleteObjects: 0.042300 ms)

========================================================================
Received Import Request.
  Time since last request: 246.175734 seconds.
  path: Assets/Scripts/BtnExitGame.cs
  artifactKey: Guid(071626e56f420714f866abdf192dd0b5) Importer(815301076,1909f56bfc062723c751e8b465ee728b)
Start importing Assets/Scripts/BtnExitGame.cs using Guid(071626e56f420714f866abdf192dd0b5) Importer(815301076,1909f56bfc062723c751e8b465ee728b)  -> (artifact id: 'bc1792568bc919e8a05a834616ff1e49') in 0.009257 seconds
  Import took 0.010878 seconds .

========================================================================
Received Prepare
Registering precompiled user dll's ...
Registered in 0.001766 seconds.
Begin MonoManager ReloadAssembly
Native extension for WindowsStandalone target not found
Refreshing native plugins compatible for Editor in 0.23 ms, found 2 plugins.
Preloading 0 native plugins for Editor in 0.00 ms.
Mono: successfully reloaded assembly
- Completed reload, in  0.588 seconds
Platform modules already initialized, skipping
Refreshing native plugins compatible for Editor in 0.22 ms, found 2 plugins.
Preloading 0 native plugins for Editor in 0.00 ms.
Unloading 1385 Unused Serialized files (Serialized files now loaded: 0)
System memory in use before: 64.8 MB.
System memory in use after: 64.9 MB.

Unloading 14 unused Assets to reduce memory usage. Loaded Objects now: 1860.
Total: 1.211800 ms (FindLiveObjects: 0.080900 ms CreateObjectMapping: 0.021100 ms MarkObjects: 1.071300 ms  DeleteObjects: 0.037900 ms)

========================================================================
Received Import Request.
  Time since last request: 268.333498 seconds.
  path: Assets/Scripts/BtnStage.cs
  artifactKey: Guid(3f4238a51345aff488cd2d42d2a9b529) Importer(815301076,1909f56bfc062723c751e8b465ee728b)
Start importing Assets/Scripts/BtnStage.cs using Guid(3f4238a51345aff488cd2d42d2a9b529) Importer(815301076,1909f56bfc062723c751e8b465ee728b)  -> (artifact id: 'fbb27fff1ad2ac7a418d56748b1951b0') in 0.009390 seconds
  Import took 0.011335 seconds .

========================================================================
Received Prepare
Registering precompiled user dll's ...
Registered in 0.001774 seconds.
Begin MonoManager ReloadAssembly
Native extension for WindowsStandalone target not found
Refreshing native plugins compatible for Editor in 0.22 ms, found 2 plugins.
Preloading 0 native plugins for Editor in 0.00 ms.
Mono: successfully reloaded assembly
- Completed reload, in  0.587 seconds
Platform modules already initialized, skipping
Refreshing native plugins compatible for Editor in 0.22 ms, found 2 plugins.
Preloading 0 native plugins for Editor in 0.00 ms.
Unloading 1385 Unused Serialized files (Serialized files now loaded: 0)
System memory in use before: 64.9 MB.
System memory in use after: 64.9 MB.

Unloading 14 unused Assets to reduce memory usage. Loaded Objects now: 1863.
Total: 1.319900 ms (FindLiveObjects: 0.135300 ms CreateObjectMapping: 0.035700 ms MarkObjects: 1.106400 ms  DeleteObjects: 0.041600 ms)

========================================================================
Received Prepare
Registering precompiled user dll's ...
Registered in 0.001692 seconds.
Begin MonoManager ReloadAssembly
Native extension for WindowsStandalone target not found
Refreshing native plugins compatible for Editor in 0.23 ms, found 2 plugins.
Preloading 0 native plugins for Editor in 0.00 ms.
Mono: successfully reloaded assembly
- Completed reload, in  0.576 seconds
Platform modules already initialized, skipping
Refreshing native plugins compatible for Editor in 0.31 ms, found 2 plugins.
Preloading 0 native plugins for Editor in 0.00 ms.
Unloading 1385 Unused Serialized files (Serialized files now loaded: 0)
System memory in use before: 64.9 MB.
System memory in use after: 64.9 MB.

Unloading 14 unused Assets to reduce memory usage. Loaded Objects now: 1866.
Total: 1.240800 ms (FindLiveObjects: 0.083900 ms CreateObjectMapping: 0.020400 ms MarkObjects: 1.097300 ms  DeleteObjects: 0.038300 ms)

========================================================================
Received Prepare
Registering precompiled user dll's ...
Registered in 0.001685 seconds.
Begin MonoManager ReloadAssembly
Native extension for WindowsStandalone target not found
Refreshing native plugins compatible for Editor in 0.24 ms, found 2 plugins.
Preloading 0 native plugins for Editor in 0.00 ms.
Mono: successfully reloaded assembly
- Completed reload, in  0.633 seconds
Platform modules already initialized, skipping
Refreshing native plugins compatible for Editor in 0.28 ms, found 2 plugins.
Preloading 0 native plugins for Editor in 0.00 ms.
Unloading 1386 Unused Serialized files (Serialized files now loaded: 0)
System memory in use before: 64.9 MB.
System memory in use after: 65.0 MB.

Unloading 14 unused Assets to reduce memory usage. Loaded Objects now: 1870.
Total: 1.253900 ms (FindLiveObjects: 0.088200 ms CreateObjectMapping: 0.022800 ms MarkObjects: 1.103200 ms  DeleteObjects: 0.038900 ms)

========================================================================
Received Import Request.
  Time since last request: 124.744111 seconds.
  path: Assets/Scripts/StageInform.cs
  artifactKey: Guid(af8b55537442c18429a7c2c0aa93bf00) Importer(815301076,1909f56bfc062723c751e8b465ee728b)
Start importing Assets/Scripts/StageInform.cs using Guid(af8b55537442c18429a7c2c0aa93bf00) Importer(815301076,1909f56bfc062723c751e8b465ee728b)  -> (artifact id: 'afe0aaf8062e639033351152bf5d7769') in 0.009523 seconds
  Import took 0.011237 seconds .

========================================================================
Received Prepare
Registering precompiled user dll's ...
Registered in 0.002084 seconds.
Begin MonoManager ReloadAssembly
Native extension for WindowsStandalone target not found
Refreshing native plugins compatible for Editor in 0.22 ms, found 2 plugins.
Preloading 0 native plugins for Editor in 0.00 ms.
Mono: successfully reloaded assembly
- Completed reload, in  0.601 seconds
Platform modules already initialized, skipping
Refreshing native plugins compatible for Editor in 0.23 ms, found 2 plugins.
Preloading 0 native plugins for Editor in 0.00 ms.
Unloading 1386 Unused Serialized files (Serialized files now loaded: 0)
System memory in use before: 64.9 MB.
System memory in use after: 65.0 MB.

Unloading 14 unused Assets to reduce memory usage. Loaded Objects now: 1873.
Total: 1.196400 ms (FindLiveObjects: 0.080700 ms CreateObjectMapping: 0.021100 ms MarkObjects: 1.059400 ms  DeleteObjects: 0.034500 ms)

========================================================================
Received Prepare
Registering precompiled user dll's ...
Registered in 0.001827 seconds.
Begin MonoManager ReloadAssembly
Native extension for WindowsStandalone target not found
Refreshing native plugins compatible for Editor in 0.23 ms, found 2 plugins.
Preloading 0 native plugins for Editor in 0.00 ms.
Mono: successfully reloaded assembly
- Completed reload, in  0.601 seconds
Platform modules already initialized, skipping
Refreshing native plugins compatible for Editor in 0.25 ms, found 2 plugins.
Preloading 0 native plugins for Editor in 0.00 ms.
Unloading 1386 Unused Serialized files (Serialized files now loaded: 0)
System memory in use before: 64.9 MB.
System memory in use after: 65.0 MB.

Unloading 14 unused Assets to reduce memory usage. Loaded Objects now: 1876.
Total: 1.271700 ms (FindLiveObjects: 0.091000 ms CreateObjectMapping: 0.022700 ms MarkObjects: 1.112200 ms  DeleteObjects: 0.044600 ms)

========================================================================
Received Import Request.
  Time since last request: 1307.624518 seconds.
  path: Assets/Scripts/StageInform.cs
  artifactKey: Guid(af8b55537442c18429a7c2c0aa93bf00) Importer(815301076,1909f56bfc062723c751e8b465ee728b)
Start importing Assets/Scripts/StageInform.cs using Guid(af8b55537442c18429a7c2c0aa93bf00) Importer(815301076,1909f56bfc062723c751e8b465ee728b)  -> (artifact id: 'e96199af5a19d9092168bbaacc2feede') in 0.011211 seconds
  Import took 0.013429 seconds .

========================================================================
Received Import Request.
  Time since last request: 26.242887 seconds.
  path: Assets/Resources/Prefabs
  artifactKey: Guid(e9748876a6fedc34fba34cb940bba952) Importer(815301076,1909f56bfc062723c751e8b465ee728b)
Start importing Assets/Resources/Prefabs using Guid(e9748876a6fedc34fba34cb940bba952) Importer(815301076,1909f56bfc062723c751e8b465ee728b)  -> (artifact id: 'a50e88d244193c0f5d62f4049a2fbf9c') in 0.006075 seconds
  Import took 0.008004 seconds .

========================================================================
Received Import Request.
  Time since last request: 3.224429 seconds.
  path: Assets/Resources/Prefabs/Button_Stage.prefab
  artifactKey: Guid(26fc8a92c5227ca43b2ec444c2ee7c6f) Importer(815301076,1909f56bfc062723c751e8b465ee728b)
Start importing Assets/Resources/Prefabs/Button_Stage.prefab using Guid(26fc8a92c5227ca43b2ec444c2ee7c6f) Importer(815301076,1909f56bfc062723c751e8b465ee728b)  -> (artifact id: 'a19f1e3aa8459945d29d29e764410437') in 0.032564 seconds
  Import took 0.034341 seconds .

========================================================================
Received Import Request.
  Time since last request: 0.000509 seconds.
  path: Assets/Resources/Prefabs/Button_Stage.prefab
  artifactKey: Guid(26fc8a92c5227ca43b2ec444c2ee7c6f) Importer(815301076,1909f56bfc062723c751e8b465ee728b)
Start importing Assets/Resources/Prefabs/Button_Stage.prefab using Guid(26fc8a92c5227ca43b2ec444c2ee7c6f) Importer(815301076,1909f56bfc062723c751e8b465ee728b)  -> (artifact id: 'a19f1e3aa8459945d29d29e764410437') in 0.004464 seconds
  Import took 0.006420 seconds .

========================================================================
Received Import Request.
  Time since last request: 673.892844 seconds.
  path: Assets/Scripts/PuzzleSystem.cs
  artifactKey: Guid(f76510255bafc854a96623ee5ab30559) Importer(815301076,1909f56bfc062723c751e8b465ee728b)
Start importing Assets/Scripts/PuzzleSystem.cs using Guid(f76510255bafc854a96623ee5ab30559) Importer(815301076,1909f56bfc062723c751e8b465ee728b)  -> (artifact id: 'fc06e9b6f67312b29b35cac8cc942aa2') in 0.006248 seconds
  Import took 0.008388 seconds .

========================================================================
Received Prepare
Registering precompiled user dll's ...
Registered in 0.001760 seconds.
Begin MonoManager ReloadAssembly
Native extension for WindowsStandalone target not found
Refreshing native plugins compatible for Editor in 0.32 ms, found 2 plugins.
Preloading 0 native plugins for Editor in 0.00 ms.
Mono: successfully reloaded assembly
- Completed reload, in  0.614 seconds
Platform modules already initialized, skipping
Refreshing native plugins compatible for Editor in 0.21 ms, found 2 plugins.
Preloading 0 native plugins for Editor in 0.00 ms.
Unloading 1387 Unused Serialized files (Serialized files now loaded: 0)
System memory in use before: 65.0 MB.
System memory in use after: 65.1 MB.

Unloading 14 unused Assets to reduce memory usage. Loaded Objects now: 1882.
Total: 1.256600 ms (FindLiveObjects: 0.085800 ms CreateObjectMapping: 0.020600 ms MarkObjects: 1.108100 ms  DeleteObjects: 0.041300 ms)

