Using pre-set license
Built from '2020.3/staging' branch; Version is '2020.3.11f1 (99c7afb366b3) revision 10078127'; Using compiler version '192528614'; Build Type 'Release'
OS: 'Windows 10 Home; OS build 19043.1766; Version 2009; 64bit' Language: 'ko' Physical Memory: 32604 MB
BatchMode: 1, IsHumanControllingUs: 0, StartBugReporterOnCrash: 0, Is64bit: 1, IsPro: 0

 COMMAND LINE ARGUMENTS:
C:\Program Files\Unity\Hub\Editor\2020.3.11f1\Editor\Unity.exe
-adb2
-batchMode
-noUpm
-name
AssetImportWorker0
-projectPath
D:/GitRepo/MyPuzzle/MyPuzzle
-logFile
Logs/AssetImportWorker0.log
-srvPort
56149
Successfully changed project path to: D:/GitRepo/MyPuzzle/MyPuzzle
D:/GitRepo/MyPuzzle/MyPuzzle
Using Asset Import Pipeline V2.
Refreshing native plugins compatible for Editor in 19.03 ms, found 2 plugins.
Preloading 0 native plugins for Editor in 0.00 ms.
Initialize engine version: 2020.3.11f1 (99c7afb366b3)
[Subsystems] Discovering subsystems at path C:/Program Files/Unity/Hub/Editor/2020.3.11f1/Editor/Data/Resources/UnitySubsystems
[Subsystems] Discovering subsystems at path D:/GitRepo/MyPuzzle/MyPuzzle/Assets
GfxDevice: creating device client; threaded=0
Direct3D:
    Version:  Direct3D 11.0 [level 11.1]
    Renderer: NVIDIA GeForce RTX 3060 (ID=0x2487)
    Vendor:   
    VRAM:     12137 MB
    Driver:   30.0.15.1123
Initialize mono
Mono path[0] = 'C:/Program Files/Unity/Hub/Editor/2020.3.11f1/Editor/Data/Managed'
Mono path[1] = 'C:/Program Files/Unity/Hub/Editor/2020.3.11f1/Editor/Data/MonoBleedingEdge/lib/mono/unityjit'
Mono config path = 'C:/Program Files/Unity/Hub/Editor/2020.3.11f1/Editor/Data/MonoBleedingEdge/etc'
Using monoOptions --debugger-agent=transport=dt_socket,embedding=1,server=y,suspend=n,address=127.0.0.1:56716
Begin MonoManager ReloadAssembly
Registering precompiled unity dll's ...
Register platform support module: C:/Program Files/Unity/Hub/Editor/2020.3.11f1/Editor/Data/PlaybackEngines/WindowsStandaloneSupport/UnityEditor.WindowsStandalone.Extensions.dll
Registered in 0.001103 seconds.
Native extension for WindowsStandalone target not found
Refreshing native plugins compatible for Editor in 20.66 ms, found 2 plugins.
Preloading 0 native plugins for Editor in 0.00 ms.
Mono: successfully reloaded assembly
- Completed reload, in  0.622 seconds
Platform modules already initialized, skipping
Registering precompiled user dll's ...
Registered in 0.001799 seconds.
Begin MonoManager ReloadAssembly
Native extension for WindowsStandalone target not found
Refreshing native plugins compatible for Editor in 0.23 ms, found 2 plugins.
Preloading 0 native plugins for Editor in 0.00 ms.
Mono: successfully reloaded assembly
- Completed reload, in  0.656 seconds
Platform modules already initialized, skipping
========================================================================
Worker process is ready to serve import requests
Launched and connected shader compiler UnityShaderCompiler.exe after 0.03 seconds
Refreshing native plugins compatible for Editor in 0.21 ms, found 2 plugins.
Preloading 0 native plugins for Editor in 0.00 ms.
Unloading 1393 Unused Serialized files (Serialized files now loaded: 0)
System memory in use before: 64.9 MB.
System memory in use after: 64.9 MB.

Unloading 19 unused Assets to reduce memory usage. Loaded Objects now: 1827.
Total: 1.829900 ms (FindLiveObjects: 0.106200 ms CreateObjectMapping: 0.027400 ms MarkObjects: 1.615200 ms  DeleteObjects: 0.080100 ms)

========================================================================
Received Import Request.
  path: Assets/Scripts/PuzzleSystem.cs
  artifactKey: Guid(f76510255bafc854a96623ee5ab30559) Importer(815301076,1909f56bfc062723c751e8b465ee728b)
Start importing Assets/Scripts/PuzzleSystem.cs using Guid(f76510255bafc854a96623ee5ab30559) Importer(815301076,1909f56bfc062723c751e8b465ee728b)  -> (artifact id: '5f7ba0f539a31c70ea6eb34754be77ae') in 0.016616 seconds
  Import took 0.018188 seconds .

========================================================================
Received Prepare
Registering precompiled user dll's ...
Registered in 0.001733 seconds.
Begin MonoManager ReloadAssembly
Native extension for WindowsStandalone target not found
Refreshing native plugins compatible for Editor in 0.22 ms, found 2 plugins.
Preloading 0 native plugins for Editor in 0.00 ms.
Mono: successfully reloaded assembly
- Completed reload, in  0.586 seconds
Platform modules already initialized, skipping
Refreshing native plugins compatible for Editor in 0.21 ms, found 2 plugins.
Preloading 0 native plugins for Editor in 0.00 ms.
Unloading 1388 Unused Serialized files (Serialized files now loaded: 0)
System memory in use before: 64.8 MB.
System memory in use after: 64.9 MB.

Unloading 14 unused Assets to reduce memory usage. Loaded Objects now: 1830.
Total: 1.212300 ms (FindLiveObjects: 0.083600 ms CreateObjectMapping: 0.020800 ms MarkObjects: 1.067200 ms  DeleteObjects: 0.039900 ms)

========================================================================
Received Prepare
Registering precompiled user dll's ...
Registered in 0.001707 seconds.
Begin MonoManager ReloadAssembly
Native extension for WindowsStandalone target not found
Refreshing native plugins compatible for Editor in 0.23 ms, found 2 plugins.
Preloading 0 native plugins for Editor in 0.00 ms.
Mono: successfully reloaded assembly
- Completed reload, in  0.593 seconds
Platform modules already initialized, skipping
Refreshing native plugins compatible for Editor in 0.22 ms, found 2 plugins.
Preloading 0 native plugins for Editor in 0.00 ms.
Unloading 1388 Unused Serialized files (Serialized files now loaded: 0)
System memory in use before: 64.8 MB.
System memory in use after: 64.9 MB.

Unloading 14 unused Assets to reduce memory usage. Loaded Objects now: 1833.
Total: 1.194200 ms (FindLiveObjects: 0.079500 ms CreateObjectMapping: 0.021500 ms MarkObjects: 1.055400 ms  DeleteObjects: 0.037200 ms)

========================================================================
Received Prepare
Registering precompiled user dll's ...
Registered in 0.001701 seconds.
Begin MonoManager ReloadAssembly
Native extension for WindowsStandalone target not found
Refreshing native plugins compatible for Editor in 0.23 ms, found 2 plugins.
Preloading 0 native plugins for Editor in 0.00 ms.
Mono: successfully reloaded assembly
- Completed reload, in  0.586 seconds
Platform modules already initialized, skipping
Refreshing native plugins compatible for Editor in 0.22 ms, found 2 plugins.
Preloading 0 native plugins for Editor in 0.00 ms.
Unloading 1388 Unused Serialized files (Serialized files now loaded: 0)
System memory in use before: 64.9 MB.
System memory in use after: 64.9 MB.

Unloading 14 unused Assets to reduce memory usage. Loaded Objects now: 1836.
Total: 1.220700 ms (FindLiveObjects: 0.089200 ms CreateObjectMapping: 0.024300 ms MarkObjects: 1.071800 ms  DeleteObjects: 0.034700 ms)

========================================================================
Received Prepare
Registering precompiled user dll's ...
Registered in 0.001701 seconds.
Begin MonoManager ReloadAssembly
Native extension for WindowsStandalone target not found
Refreshing native plugins compatible for Editor in 0.22 ms, found 2 plugins.
Preloading 0 native plugins for Editor in 0.00 ms.
Mono: successfully reloaded assembly
- Completed reload, in  0.573 seconds
Platform modules already initialized, skipping
Refreshing native plugins compatible for Editor in 0.21 ms, found 2 plugins.
Preloading 0 native plugins for Editor in 0.00 ms.
Unloading 1388 Unused Serialized files (Serialized files now loaded: 0)
System memory in use before: 64.9 MB.
System memory in use after: 65.0 MB.

Unloading 14 unused Assets to reduce memory usage. Loaded Objects now: 1839.
Total: 1.260300 ms (FindLiveObjects: 0.084000 ms CreateObjectMapping: 0.020800 ms MarkObjects: 1.118900 ms  DeleteObjects: 0.035800 ms)

========================================================================
Received Prepare
Registering precompiled user dll's ...
Registered in 0.002356 seconds.
Begin MonoManager ReloadAssembly
Native extension for WindowsStandalone target not found
Refreshing native plugins compatible for Editor in 0.23 ms, found 2 plugins.
Preloading 0 native plugins for Editor in 0.00 ms.
Mono: successfully reloaded assembly
- Completed reload, in  0.637 seconds
Platform modules already initialized, skipping
Refreshing native plugins compatible for Editor in 0.22 ms, found 2 plugins.
Preloading 0 native plugins for Editor in 0.00 ms.
Unloading 1388 Unused Serialized files (Serialized files now loaded: 0)
System memory in use before: 64.9 MB.
System memory in use after: 65.0 MB.

Unloading 14 unused Assets to reduce memory usage. Loaded Objects now: 1842.
Total: 1.259800 ms (FindLiveObjects: 0.080600 ms CreateObjectMapping: 0.020700 ms MarkObjects: 1.119900 ms  DeleteObjects: 0.038100 ms)

========================================================================
Received Import Request.
  Time since last request: 1251.698374 seconds.
  path: Assets/Scripts/StageInform.cs
  artifactKey: Guid(af8b55537442c18429a7c2c0aa93bf00) Importer(815301076,1909f56bfc062723c751e8b465ee728b)
Start importing Assets/Scripts/StageInform.cs using Guid(af8b55537442c18429a7c2c0aa93bf00) Importer(815301076,1909f56bfc062723c751e8b465ee728b)  -> (artifact id: 'a31dd70b1fbb5936ce9a7b914bc44bd1') in 0.011710 seconds
  Import took 0.013821 seconds .

========================================================================
Received Import Request.
  Time since last request: 0.421567 seconds.
  path: Assets/Scripts/PuzzleSystem.cs
  artifactKey: Guid(f76510255bafc854a96623ee5ab30559) Importer(815301076,1909f56bfc062723c751e8b465ee728b)
Start importing Assets/Scripts/PuzzleSystem.cs using Guid(f76510255bafc854a96623ee5ab30559) Importer(815301076,1909f56bfc062723c751e8b465ee728b)  -> (artifact id: '34b0afebd1df49161042df2791b5195b') in 0.006122 seconds
  Import took 0.007880 seconds .

========================================================================
Received Import Request.
  Time since last request: 0.014153 seconds.
  path: Assets/Scripts/PuzzleSystem.cs
  artifactKey: Guid(f76510255bafc854a96623ee5ab30559) Importer(815301076,1909f56bfc062723c751e8b465ee728b)
Start importing Assets/Scripts/PuzzleSystem.cs using Guid(f76510255bafc854a96623ee5ab30559) Importer(815301076,1909f56bfc062723c751e8b465ee728b)  -> (artifact id: '34b0afebd1df49161042df2791b5195b') in 0.002976 seconds
  Import took 0.004571 seconds .

========================================================================
Received Prepare
Registering precompiled user dll's ...
Registered in 0.001894 seconds.
Begin MonoManager ReloadAssembly
Native extension for WindowsStandalone target not found
Refreshing native plugins compatible for Editor in 0.22 ms, found 2 plugins.
Preloading 0 native plugins for Editor in 0.00 ms.
Mono: successfully reloaded assembly
- Completed reload, in  0.585 seconds
Platform modules already initialized, skipping
Refreshing native plugins compatible for Editor in 0.21 ms, found 2 plugins.
Preloading 0 native plugins for Editor in 0.00 ms.
Unloading 1388 Unused Serialized files (Serialized files now loaded: 0)
System memory in use before: 64.9 MB.
System memory in use after: 65.0 MB.

Unloading 14 unused Assets to reduce memory usage. Loaded Objects now: 1845.
Total: 1.414400 ms (FindLiveObjects: 0.085700 ms CreateObjectMapping: 0.020600 ms MarkObjects: 1.257400 ms  DeleteObjects: 0.049900 ms)

========================================================================
Received Import Request.
  Time since last request: 161.471795 seconds.
  path: Assets/Scripts/Bubble.cs
  artifactKey: Guid(2c7618358bb9df147aa72282b26f9102) Importer(815301076,1909f56bfc062723c751e8b465ee728b)
Start importing Assets/Scripts/Bubble.cs using Guid(2c7618358bb9df147aa72282b26f9102) Importer(815301076,1909f56bfc062723c751e8b465ee728b)  -> (artifact id: '2d11dec7b16a07e6091180093db4ca60') in 0.009572 seconds
  Import took 0.011131 seconds .

========================================================================
Received Prepare
Registering precompiled user dll's ...
Registered in 0.001821 seconds.
Begin MonoManager ReloadAssembly
Native extension for WindowsStandalone target not found
Refreshing native plugins compatible for Editor in 0.23 ms, found 2 plugins.
Preloading 0 native plugins for Editor in 0.00 ms.
Mono: successfully reloaded assembly
- Completed reload, in  0.576 seconds
Platform modules already initialized, skipping
Refreshing native plugins compatible for Editor in 0.22 ms, found 2 plugins.
Preloading 0 native plugins for Editor in 0.00 ms.
Unloading 1388 Unused Serialized files (Serialized files now loaded: 0)
System memory in use before: 64.9 MB.
System memory in use after: 65.0 MB.

Unloading 14 unused Assets to reduce memory usage. Loaded Objects now: 1848.
Total: 1.214100 ms (FindLiveObjects: 0.087800 ms CreateObjectMapping: 0.021800 ms MarkObjects: 1.066400 ms  DeleteObjects: 0.037200 ms)

